<?xml version="1.0" encoding="UTF-8"?>
<!-- Generated by org.testng.reporters.JUnitXMLReporter -->
<testsuite ignored="0" hostname="DESKTOP-BH3MCQC" failures="0" tests="3" name="Test" time="7.405" errors="0" timestamp="2024-02-13T14:25:12 IST">
  <testcase classname="API_TESTING.Access_Token" name="create_Token" time="4.221"/>
  <testcase classname="API_TESTING.Create_Booking" name="createBooking" time="1.568"/>
  <testcase classname="API_TESTING.Update_Booking" name="updateBooking" time="1.546"/>
</testsuite> <!-- Test -->
