<?xml version="1.0" encoding="UTF-8"?>
<testng-results ignored="0" total="1" passed="1" failed="0" skipped="0">
  <reporter-output>
  </reporter-output>
  <suite started-at="2024-02-09T13:13:00 IST" name="Default suite" finished-at="2024-02-09T13:13:04 IST" duration-ms="3561">
    <groups>
    </groups>
    <test started-at="2024-02-09T13:13:00 IST" name="Default test" finished-at="2024-02-09T13:13:04 IST" duration-ms="3561">
      <class name="API_TESTING.Access_Token">
        <test-method signature="get_AccessToken()[pri:0, instance:API_TESTING.Access_Token@4738a206]" started-at="2024-02-09T13:13:00 IST" name="get_AccessToken" finished-at="2024-02-09T13:13:04 IST" duration-ms="3476" status="PASS">
          <reporter-output>
          </reporter-output>
        </test-method> <!-- get_AccessToken -->
      </class> <!-- API_TESTING.Access_Token -->
    </test> <!-- Default test -->
  </suite> <!-- Default suite -->
</testng-results>
